0 info it worked if it ends with ok
1 verbose cli [ '/usr/bin/node', '/usr/bin/npm', 'install', 'async', '--save' ]
2 info using npm@1.4.28
3 info using node@v0.10.40
4 verbose node symlink /usr/bin/node
5 verbose readDependencies using package.json deps
6 verbose cache add [ 'async', null ]
7 verbose cache add name=undefined spec="async" args=["async",null]
8 verbose parsed url { protocol: null,
8 verbose parsed url   slashes: null,
8 verbose parsed url   auth: null,
8 verbose parsed url   host: null,
8 verbose parsed url   port: null,
8 verbose parsed url   hostname: null,
8 verbose parsed url   hash: null,
8 verbose parsed url   search: null,
8 verbose parsed url   query: null,
8 verbose parsed url   pathname: 'async',
8 verbose parsed url   path: 'async',
8 verbose parsed url   href: 'async' }
9 silly lockFile b7e04b33-async async
10 verbose lock async /home/adonique/.npm/b7e04b33-async.lock
11 silly lockFile b7e04b33-async async
12 silly lockFile b7e04b33-async async
13 verbose addNamed [ 'async', '' ]
14 verbose addNamed [ null, '*' ]
15 silly lockFile f9113900-async async@
16 verbose lock async@ /home/adonique/.npm/f9113900-async.lock
17 silly addNameRange { name: 'async', range: '*', hasData: false }
18 verbose request where is /async
19 verbose request registry https://registry.npmjs.org/
20 verbose request id 5d9ad0d279384072
21 verbose url raw /async
22 verbose url resolving [ 'https://registry.npmjs.org/', './async' ]
23 verbose url resolved https://registry.npmjs.org/async
24 verbose request where is https://registry.npmjs.org/async
25 info trying registry request attempt 1 at 11:41:05
26 verbose etag "ABVCLMQOA04P0W9LWS6Y5HNH9"
27 http GET https://registry.npmjs.org/async
28 http 200 https://registry.npmjs.org/async
29 silly registry.get cb [ 200,
29 silly registry.get   { server: 'CouchDB/1.5.0 (Erlang OTP/R16B03)',
29 silly registry.get     etag: '"15GZ7RBEI8FG545PZZV6H5S35"',
29 silly registry.get     'content-type': 'application/json',
29 silly registry.get     'cache-control': 'max-age=300',
29 silly registry.get     'content-length': '140803',
29 silly registry.get     'accept-ranges': 'bytes',
29 silly registry.get     date: 'Thu, 25 Feb 2016 03:41:07 GMT',
29 silly registry.get     via: '1.1 varnish',
29 silly registry.get     age: '290',
29 silly registry.get     connection: 'keep-alive',
29 silly registry.get     'x-served-by': 'cache-hkg6827-HKG',
29 silly registry.get     'x-cache': 'HIT',
29 silly registry.get     'x-cache-hits': '17',
29 silly registry.get     'x-timer': 'S1456371667.794478,VS0,VE0',
29 silly registry.get     vary: 'Accept' } ]
30 silly addNameRange number 2 { name: 'async', range: '*', hasData: true }
31 silly addNameRange versions [ 'async',
31 silly addNameRange   [ '0.1.0',
31 silly addNameRange     '0.1.1',
31 silly addNameRange     '0.1.2',
31 silly addNameRange     '0.1.3',
31 silly addNameRange     '0.1.4',
31 silly addNameRange     '0.1.5',
31 silly addNameRange     '0.1.6',
31 silly addNameRange     '0.1.7',
31 silly addNameRange     '0.1.8',
31 silly addNameRange     '0.1.9',
31 silly addNameRange     '0.1.10',
31 silly addNameRange     '0.1.11',
31 silly addNameRange     '0.1.12',
31 silly addNameRange     '0.1.13',
31 silly addNameRange     '0.1.14',
31 silly addNameRange     '0.1.15',
31 silly addNameRange     '0.1.16',
31 silly addNameRange     '0.1.17',
31 silly addNameRange     '0.1.18',
31 silly addNameRange     '0.1.19',
31 silly addNameRange     '0.1.20',
31 silly addNameRange     '0.1.21',
31 silly addNameRange     '0.1.22',
31 silly addNameRange     '0.2.0',
31 silly addNameRange     '0.2.1',
31 silly addNameRange     '0.2.2',
31 silly addNameRange     '0.2.3',
31 silly addNameRange     '0.2.4',
31 silly addNameRange     '0.2.5',
31 silly addNameRange     '0.2.6',
31 silly addNameRange     '0.2.7',
31 silly addNameRange     '0.2.8',
31 silly addNameRange     '0.2.9',
31 silly addNameRange     '0.2.10',
31 silly addNameRange     '0.3.0',
31 silly addNameRange     '0.4.0',
31 silly addNameRange     '0.4.1',
31 silly addNameRange     '0.5.0',
31 silly addNameRange     '0.6.0',
31 silly addNameRange     '0.6.1',
31 silly addNameRange     '0.6.2',
31 silly addNameRange     '0.7.0',
31 silly addNameRange     '0.8.0',
31 silly addNameRange     '0.9.0',
31 silly addNameRange     '0.9.2',
31 silly addNameRange     '1.0.0',
31 silly addNameRange     '1.1.0',
31 silly addNameRange     '1.2.0',
31 silly addNameRange     '1.1.1',
31 silly addNameRange     '1.2.1',
31 silly addNameRange     '1.3.0',
31 silly addNameRange     '1.4.0',
31 silly addNameRange     '1.4.1',
31 silly addNameRange     '1.4.2',
31 silly addNameRange     '1.5.0',
31 silly addNameRange     '1.5.1',
31 silly addNameRange     '1.5.2' ] ]
32 verbose addNamed [ 'async', '1.5.2' ]
33 verbose addNamed [ '1.5.2', '1.5.2' ]
34 silly lockFile 2d6754e3-async-1-5-2 async@1.5.2
35 verbose lock async@1.5.2 /home/adonique/.npm/2d6754e3-async-1-5-2.lock
36 silly lockFile c0391250--npmjs-org-async-async-1-5-2-tgz https://registry.npmjs.org/async/-/async-1.5.2.tgz
37 verbose lock https://registry.npmjs.org/async/-/async-1.5.2.tgz /home/adonique/.npm/c0391250--npmjs-org-async-async-1-5-2-tgz.lock
38 verbose addRemoteTarball [ 'https://registry.npmjs.org/async/-/async-1.5.2.tgz',
38 verbose addRemoteTarball   'ec6a61ae56480c0c3cb241c95618e20892f9672a' ]
39 info retry fetch attempt 1 at 11:41:15
40 verbose fetch to= /tmp/npm-9288--mP3D2EI/registry.npmjs.org/async/-/async-1.5.2.tgz
41 http GET https://registry.npmjs.org/async/-/async-1.5.2.tgz
42 http 200 https://registry.npmjs.org/async/-/async-1.5.2.tgz
43 silly lockFile c0391250--npmjs-org-async-async-1-5-2-tgz https://registry.npmjs.org/async/-/async-1.5.2.tgz
44 silly lockFile c0391250--npmjs-org-async-async-1-5-2-tgz https://registry.npmjs.org/async/-/async-1.5.2.tgz
45 silly lockFile 2d6754e3-async-1-5-2 async@1.5.2
46 silly lockFile 2d6754e3-async-1-5-2 async@1.5.2
47 silly lockFile f9113900-async async@
48 silly lockFile f9113900-async async@
49 error Error: EACCES, mkdir '/home/adonique/.npm/async/1.5.2'
49 error  { [Error: EACCES, mkdir '/home/adonique/.npm/async/1.5.2']
49 error   errno: 3,
49 error   code: 'EACCES',
49 error   path: '/home/adonique/.npm/async/1.5.2',
49 error   parent: 'Speak' }
50 error Please try running this command again as root/Administrator.
51 error System Linux 3.13.0-63-generic
52 error command "/usr/bin/node" "/usr/bin/npm" "install" "async" "--save"
53 error cwd /home/adonique/Desktop/Speak
54 error node -v v0.10.40
55 error npm -v 1.4.28
56 error path /home/adonique/.npm/async/1.5.2
57 error code EACCES
58 error errno 3
59 error stack Error: EACCES, mkdir '/home/adonique/.npm/async/1.5.2'
60 verbose exit [ 3, true ]
